0 info it worked if it ends with ok
1 verbose cli [ 'C:\\Users\\ekozi\\AppData\\Local\\.meteor\\packages\\meteor-tool\\1.3.2_4\\mt-os.windows.x86_32\\dev_bundle\\bin\\\\node.exe',
1 verbose cli   'C:\\Users\\ekozi\\AppData\\Local\\.meteor\\packages\\meteor-tool\\1.3.2_4\\mt-os.windows.x86_32\\dev_bundle\\lib\\node_modules\\npm\\bin\\npm-cli.js',
1 verbose cli   'install',
1 verbose cli   '--save',
1 verbose cli   'task.html' ]
2 info using npm@2.14.22
3 info using node@v0.10.43
4 verbose install initial load of C:\Users\ekozi\Documents\ToDoS\package.json
5 verbose installManyTop reading scoped package data from C:\Users\ekozi\Documents\ToDoS\node_modules\meteor-node-stubs\package.json
6 verbose readDependencies loading dependencies from C:\Users\ekozi\Documents\ToDoS\package.json
7 silly cache add args [ 'task.html', null ]
8 verbose cache add spec task.html
9 silly cache add parsed spec { raw: 'task.html',
9 silly cache add   scope: null,
9 silly cache add   name: 'task.html',
9 silly cache add   rawSpec: '',
9 silly cache add   spec: 'latest',
9 silly cache add   type: 'tag' }
10 silly addNamed task.html@latest
11 verbose addNamed "latest" is being treated as a dist-tag for task.html
12 info addNameTag [ 'task.html', 'latest' ]
13 silly mapToRegistry name task.html
14 silly mapToRegistry using default registry
15 silly mapToRegistry registry https://registry.npmjs.org/
16 silly mapToRegistry uri https://registry.npmjs.org/task.html
17 verbose addNameTag registry:https://registry.npmjs.org/task.html not in flight; fetching
18 verbose request uri https://registry.npmjs.org/task.html
19 verbose request no auth needed
20 info attempt registry request try #1 at 21:43:04
21 verbose request id 50d4a424160b56cb
22 http request GET https://registry.npmjs.org/task.html
23 http 404 https://registry.npmjs.org/task.html
24 verbose headers { 'content-type': 'application/json',
24 verbose headers   'cache-control': 'max-age=0',
24 verbose headers   'content-length': '2',
24 verbose headers   'accept-ranges': 'bytes',
24 verbose headers   date: 'Wed, 25 May 2016 01:43:09 GMT',
24 verbose headers   via: '1.1 varnish',
24 verbose headers   age: '0',
24 verbose headers   connection: 'keep-alive',
24 verbose headers   'x-served-by': 'cache-iad2138-IAD',
24 verbose headers   'x-cache': 'MISS',
24 verbose headers   'x-cache-hits': '0',
24 verbose headers   'x-timer': 'S1464140589.008671,VS0,VE23',
24 verbose headers   vary: 'Accept-Encoding' }
25 silly get cb [ 404,
25 silly get   { 'content-type': 'application/json',
25 silly get     'cache-control': 'max-age=0',
25 silly get     'content-length': '2',
25 silly get     'accept-ranges': 'bytes',
25 silly get     date: 'Wed, 25 May 2016 01:43:09 GMT',
25 silly get     via: '1.1 varnish',
25 silly get     age: '0',
25 silly get     connection: 'keep-alive',
25 silly get     'x-served-by': 'cache-iad2138-IAD',
25 silly get     'x-cache': 'MISS',
25 silly get     'x-cache-hits': '0',
25 silly get     'x-timer': 'S1464140589.008671,VS0,VE23',
25 silly get     vary: 'Accept-Encoding' } ]
26 verbose stack Error: Registry returned 404 for GET on https://registry.npmjs.org/task.html
26 verbose stack     at makeError (C:\Users\ekozi\AppData\Local\.meteor\packages\meteor-tool\1.3.2_4\mt-os.windows.x86_32\dev_bundle\lib\node_modules\npm\node_modules\npm-registry-client\lib\request.js:264:12)
26 verbose stack     at CachingRegistryClient.<anonymous> (C:\Users\ekozi\AppData\Local\.meteor\packages\meteor-tool\1.3.2_4\mt-os.windows.x86_32\dev_bundle\lib\node_modules\npm\node_modules\npm-registry-client\lib\request.js:242:14)
26 verbose stack     at Request._callback (C:\Users\ekozi\AppData\Local\.meteor\packages\meteor-tool\1.3.2_4\mt-os.windows.x86_32\dev_bundle\lib\node_modules\npm\node_modules\npm-registry-client\lib\request.js:172:14)
26 verbose stack     at Request.self.callback (C:\Users\ekozi\AppData\Local\.meteor\packages\meteor-tool\1.3.2_4\mt-os.windows.x86_32\dev_bundle\lib\node_modules\npm\node_modules\request\request.js:199:22)
26 verbose stack     at Request.emit (events.js:98:17)
26 verbose stack     at Request.<anonymous> (C:\Users\ekozi\AppData\Local\.meteor\packages\meteor-tool\1.3.2_4\mt-os.windows.x86_32\dev_bundle\lib\node_modules\npm\node_modules\request\request.js:1036:10)
26 verbose stack     at Request.emit (events.js:117:20)
26 verbose stack     at IncomingMessage.<anonymous> (C:\Users\ekozi\AppData\Local\.meteor\packages\meteor-tool\1.3.2_4\mt-os.windows.x86_32\dev_bundle\lib\node_modules\npm\node_modules\request\request.js:963:12)
26 verbose stack     at IncomingMessage.emit (events.js:117:20)
26 verbose stack     at _stream_readable.js:944:16
27 verbose statusCode 404
28 verbose pkgid task.html
29 verbose cwd C:\Users\ekozi\Documents\ToDoS
30 error Windows_NT 10.0.10586
31 error argv "C:\\Users\\ekozi\\AppData\\Local\\.meteor\\packages\\meteor-tool\\1.3.2_4\\mt-os.windows.x86_32\\dev_bundle\\bin\\\\node.exe" "C:\\Users\\ekozi\\AppData\\Local\\.meteor\\packages\\meteor-tool\\1.3.2_4\\mt-os.windows.x86_32\\dev_bundle\\lib\\node_modules\\npm\\bin\\npm-cli.js" "install" "--save" "task.html"
32 error node v0.10.43
33 error npm  v2.14.22
34 error code E404
35 error 404 Registry returned 404 for GET on https://registry.npmjs.org/task.html
35 error 404
35 error 404 'task.html' is not in the npm registry.
35 error 404 You should bug the author to publish it (or use the name yourself!)
35 error 404 It was specified as a dependency of 'ToDoS'
35 error 404
35 error 404 Note that you can also install from a
35 error 404 tarball, folder, http url, or git url.
36 verbose exit [ 1, true ]
